<?xml version="1.0" encoding="UTF-8"?>
<testng-results ignored="0" total="1" passed="1" failed="0" skipped="0">
  <reporter-output>
  </reporter-output>
  <suite started-at="2024-10-10T23:15:11 IST" name="Surefire suite" finished-at="2024-10-10T23:15:21 IST" duration-ms="9523">
    <groups>
    </groups>
    <test started-at="2024-10-10T23:15:11 IST" name="Surefire test" finished-at="2024-10-10T23:15:21 IST" duration-ms="9523">
      <class name="FancodeToDo.FancodeToDoTest">
        <test-method signature="testUserTodoCompletion()[pri:0, instance:FancodeToDo.FancodeToDoTest@4e3958e7]" started-at="2024-10-10T23:15:12 IST" name="testUserTodoCompletion" finished-at="2024-10-10T23:15:21 IST" duration-ms="9462" status="PASS">
          <reporter-output>
          </reporter-output>
        </test-method> <!-- testUserTodoCompletion -->
      </class> <!-- FancodeToDo.FancodeToDoTest -->
    </test> <!-- Surefire test -->
  </suite> <!-- Surefire suite -->
</testng-results>
